\BOOKMARK [0][-]{chapter.1}{\376\377\000P\000r\000e\000l\000i\000m\000i\000n\000a\000r\000e\000s}{}% 1
\BOOKMARK [1][-]{section.1.1}{\376\377\000D\000a\000t\000o\000s\000\040\000g\000e\000o\000r\000r\000e\000f\000e\000r\000e\000n\000c\000i\000a\000d\000o\000s}{chapter.1}% 2
\BOOKMARK [2][-]{subsection.1.1.1}{\376\377\000D\000a\000t\000o\000s\000\040\000V\000e\000c\000t\000o\000r\000i\000a\000l\000e\000s}{section.1.1}% 3
\BOOKMARK [3][-]{subsubsection.1.1.1.1}{\376\377\000S\000i\000m\000p\000l\000e\000\040\000f\000e\000a\000t\000u\000r\000e\000s}{subsection.1.1.1}% 4
\BOOKMARK [2][-]{subsection.1.1.2}{\376\377\000D\000a\000t\000o\000s\000\040\000R\000\341\000s\000t\000e\000r}{section.1.1}% 5
\BOOKMARK [2][-]{subsection.1.1.3}{\376\377\000S\000i\000s\000t\000e\000m\000a\000s\000\040\000d\000e\000\040\000R\000e\000f\000e\000r\000e\000n\000c\000i\000a\000\040\000d\000e\000\040\000C\000o\000o\000r\000d\000e\000n\000a\000d\000a\000s}{section.1.1}% 6
\BOOKMARK [3][-]{subsubsection.1.1.3.1}{\376\377\000S\000i\000s\000t\000e\000m\000a\000s\000\040\000d\000e\000\040\000C\000o\000o\000r\000d\000e\000n\000a\000d\000a\000s\000\040\000G\000e\000o\000g\000r\000\341\000f\000i\000c\000a\000s}{subsection.1.1.3}% 7
\BOOKMARK [3][-]{subsubsection.1.1.3.2}{\376\377\000S\000i\000s\000t\000e\000m\000a\000s\000\040\000d\000e\000\040\000C\000o\000o\000r\000d\000e\000n\000a\000d\000a\000s\000\040\000P\000r\000o\000y\000e\000c\000t\000a\000d\000a\000s}{subsection.1.1.3}% 8
\BOOKMARK [1][-]{section.1.2}{\376\377\000A\000n\000\341\000l\000i\000s\000i\000s\000\040\000e\000x\000p\000l\000o\000r\000a\000t\000o\000r\000i\000o\000\040\000d\000e\000\040\000d\000a\000t\000o\000s}{chapter.1}% 9
\BOOKMARK [2][-]{subsection.1.2.1}{\376\377\000D\000e\000p\000u\000r\000a\000c\000i\000\363\000n\000\040\000d\000e\000\040\000l\000o\000s\000\040\000d\000a\000t\000o\000s}{section.1.2}% 10
\BOOKMARK [2][-]{subsection.1.2.2}{\376\377\000A\000n\000\341\000l\000i\000s\000i\000s\000\040\000d\000e\000\040\000c\000o\000m\000p\000o\000n\000e\000n\000t\000e\000s\000\040\000p\000r\000i\000n\000c\000i\000p\000a\000l\000e\000s}{section.1.2}% 11
\BOOKMARK [1][-]{section.1.3}{\376\377\000M\000o\000d\000e\000l\000o\000s}{chapter.1}% 12
\BOOKMARK [2][-]{subsection.1.3.1}{\376\377\000R\000e\000g\000r\000e\000s\000i\000\363\000n\000\040\000l\000o\000g\000\355\000s\000t\000i\000c\000a\000\040\000\050\000c\000o\000n\000\040\000p\000e\000n\000a\000l\000i\000z\000a\000c\000i\000\363\000n\000\051}{section.1.3}% 13
\BOOKMARK [2][-]{subsection.1.3.2}{\376\377\000S\000u\000p\000p\000o\000r\000t\000\040\000V\000e\000c\000t\000o\000r\000\040\000M\000a\000c\000h\000i\000n\000e}{section.1.3}% 14
\BOOKMARK [3][-]{subsubsection.1.3.2.1}{\376\377\000S\000V\000M\000\040\000l\000i\000n\000e\000a\000l}{subsection.1.3.2}% 15
\BOOKMARK [3][-]{subsubsection.1.3.2.2}{\376\377\000S\000V\000M\000\040\000n\000o\000\040\000l\000i\000n\000e\000a\000l}{subsection.1.3.2}% 16
\BOOKMARK [2][-]{subsection.1.3.3}{\376\377\000D\000e\000c\000i\000s\000i\000o\000n\000\040\000T\000r\000e\000e\000s}{section.1.3}% 17
\BOOKMARK [2][-]{subsection.1.3.4}{\376\377\000R\000a\000n\000d\000o\000m\000\040\000F\000o\000r\000e\000s\000t}{section.1.3}% 18
\BOOKMARK [2][-]{subsection.1.3.5}{\376\377\000K\000-\000N\000e\000a\000r\000e\000s\000t\000\040\000N\000e\000i\000b\000o\000r\000s}{section.1.3}% 19
\BOOKMARK [1][-]{section.1.4}{\376\377\000V\000a\000l\000i\000d\000a\000c\000i\000\363\000n\000\040\000d\000e\000l\000\040\000a\000j\000u\000s\000t\000e}{chapter.1}% 20
\BOOKMARK [1][-]{section.1.5}{\376\377\000E\000v\000a\000l\000u\000a\000c\000i\000\363\000n\000\040\000d\000e\000\040\000l\000o\000s\000\040\000m\000o\000d\000e\000l\000o\000s}{chapter.1}% 21
\BOOKMARK [2][-]{subsection.1.5.1}{\376\377\000C\000l\000a\000s\000i\000f\000i\000c\000a\000c\000i\000\363\000n\000\040\000b\000i\000n\000a\000r\000i\000a}{section.1.5}% 22
\BOOKMARK [1][-]{section.1.6}{\376\377\000H\000e\000r\000r\000a\000m\000i\000e\000n\000t\000a\000s}{chapter.1}% 23
\BOOKMARK [0][-]{chapter*.3}{\376\377\000B\000i\000b\000l\000i\000o\000g\000r\000a\000f\000\355\000a}{}% 24
